CordovaLib/build/outputs/logs/manifest-merger-release-report.txt
-- Merging decision tree log ---
manifest
ADDED from xinjiang\CordovaLib\AndroidManifest.xml:19:1-24:12
INJECTED from xinjiang\CordovaLib\AndroidManifest.xml:19:1-24:12
INJECTED from xinjiang\CordovaLib\AndroidManifest.xml:19:1-24:12
INJECTED from xinjiang\CordovaLib\AndroidManifest.xml:19:1-24:12
INJECTED from xinjiang\CordovaLib\AndroidManifest.xml:19:1-24:12
INJECTED from xinjiang\CordovaLib\AndroidManifest.xml:19:1-24:12
INJECTED from xinjiang\CordovaLib\AndroidManifest.xml:19:1-24:12
	package
		ADDED from xinjiang\CordovaLib\AndroidManifest.xml:20:5-33
		INJECTED from xinjiang\CordovaLib\AndroidManifest.xml
		INJECTED from xinjiang\CordovaLib\AndroidManifest.xml
	android:versionName
		ADDED from xinjiang\CordovaLib\AndroidManifest.xml:22:5-30
		INJECTED from xinjiang\CordovaLib\AndroidManifest.xml
		INJECTED from xinjiang\CordovaLib\AndroidManifest.xml
	xmlns:android
		ADDED from xinjiang\CordovaLib\AndroidManifest.xml:19:11-69
	android:versionCode
		ADDED from xinjiang\CordovaLib\AndroidManifest.xml:21:5-28
		INJECTED from xinjiang\CordovaLib\AndroidManifest.xml
		INJECTED from xinjiang\CordovaLib\AndroidManifest.xml